<?xml version="1.0" encoding="UTF-8"?>
<!-- Generated by org.testng.reporters.JUnitXMLReporter -->
<testsuite hostname="LAPTOP-UH0VBM6S" ignored="0" name="Default test" tests="4" failures="0" timestamp="2022-04-06T08:55:09 IST" time="0.062" errors="0">
  <testcase name="aa" time="0.01" classname="SampleTestCase.Iggnore"/>
  <testcase name="bb" time="0.002" classname="SampleTestCase.Iggnore"/>
  <testcase name="cc" time="0.002" classname="SampleTestCase.Iggnore"/>
  <testcase name="ee" time="0.001" classname="SampleTestCase.Iggnore"/>
</testsuite> <!-- Default test -->
