<?xml version="1.0" encoding="UTF-8"?>
<testng-results skipped="0" failed="0" ignored="0" total="4" passed="4">
  <reporter-output>
  </reporter-output>
  <suite name="Default suite" duration-ms="62" started-at="2022-04-06T08:55:08 IST" finished-at="2022-04-06T08:55:08 IST">
    <groups>
    </groups>
    <test name="Default test" duration-ms="62" started-at="2022-04-06T08:55:08 IST" finished-at="2022-04-06T08:55:08 IST">
      <class name="SampleTestCase.Iggnore">
        <test-method status="PASS" signature="aa()[pri:0, instance:SampleTestCase.Iggnore@67205a84]" name="aa" duration-ms="10" started-at="2022-04-06T08:55:08 IST" finished-at="2022-04-06T08:55:08 IST">
          <reporter-output>
          </reporter-output>
        </test-method> <!-- aa -->
        <test-method status="PASS" signature="bb()[pri:0, instance:SampleTestCase.Iggnore@67205a84]" name="bb" duration-ms="2" started-at="2022-04-06T08:55:08 IST" finished-at="2022-04-06T08:55:08 IST">
          <reporter-output>
          </reporter-output>
        </test-method> <!-- bb -->
        <test-method status="PASS" signature="cc()[pri:0, instance:SampleTestCase.Iggnore@67205a84]" name="cc" duration-ms="2" started-at="2022-04-06T08:55:08 IST" finished-at="2022-04-06T08:55:08 IST">
          <reporter-output>
          </reporter-output>
        </test-method> <!-- cc -->
        <test-method status="PASS" signature="ee()[pri:0, instance:SampleTestCase.Iggnore@67205a84]" name="ee" duration-ms="1" started-at="2022-04-06T08:55:08 IST" finished-at="2022-04-06T08:55:08 IST">
          <reporter-output>
          </reporter-output>
        </test-method> <!-- ee -->
      </class> <!-- SampleTestCase.Iggnore -->
    </test> <!-- Default test -->
  </suite> <!-- Default suite -->
</testng-results>
